app/build/outputs/logs/manifest-merger-debug-report.txt
-- Merging decision tree log ---
manifest
ADDED from src\main\AndroidManifest.xml:2:1-29:12
	package
		ADDED from src\main\AndroidManifest.xml:3:5-34
		INJECTED from src\main\AndroidManifest.xml
		INJECTED from src\main\AndroidManifest.xml
	android:versionName
		ADDED from src\main\AndroidManifest.xml:5:5-30
		INJECTED from src\main\AndroidManifest.xml
		INJECTED from src\main\AndroidManifest.xml
	android:versionCode
		ADDED from src\main\AndroidManifest.xml:4:5-28
		INJECTED from src\main\AndroidManifest.xml
		INJECTED from src\main\AndroidManifest.xml
	xmlns:android
		ADDED from src\main\AndroidManifest.xml:2:11-69
application
ADDED from src\main\AndroidManifest.xml:7:5-27:19
	android:label
		ADDED from src\main\AndroidManifest.xml:11:9-41
	android:allowBackup
		ADDED from src\main\AndroidManifest.xml:9:9-35
	android:icon
		ADDED from src\main\AndroidManifest.xml:10:9-45
	android:theme
		ADDED from src\main\AndroidManifest.xml:12:9-40
	android:name
		ADDED from src\main\AndroidManifest.xml:8:9-55
activity#com.murach.reminder.ReminderActivity
ADDED from src\main\AndroidManifest.xml:13:9-21:20
	android:label
		ADDED from src\main\AndroidManifest.xml:15:13-45
	android:name
		ADDED from src\main\AndroidManifest.xml:14:13-45
intent-filter#android.intent.action.MAIN+android.intent.category.LAUNCHER
ADDED from src\main\AndroidManifest.xml:16:13-20:29
action#android.intent.action.MAIN
ADDED from src\main\AndroidManifest.xml:17:17-69
	android:name
		ADDED from src\main\AndroidManifest.xml:17:25-66
category#android.intent.category.LAUNCHER
ADDED from src\main\AndroidManifest.xml:19:17-77
	android:name
		ADDED from src\main\AndroidManifest.xml:19:27-74
service#com.murach.reminder.ReminderService
ADDED from src\main\AndroidManifest.xml:23:9-26:47
	android:enabled
		ADDED from src\main\AndroidManifest.xml:25:13-35
	android:exported
		ADDED from src\main\AndroidManifest.xml:26:13-36
	android:name
		ADDED from src\main\AndroidManifest.xml:24:13-44
uses-sdk
INJECTED from src\main\AndroidManifest.xml reason: use-sdk injection requested
	android:targetSdkVersion
		INJECTED from src\main\AndroidManifest.xml
		INJECTED from src\main\AndroidManifest.xml
	android:minSdkVersion
		INJECTED from src\main\AndroidManifest.xml
		INJECTED from src\main\AndroidManifest.xml